<?xml version="1.0" encoding="UTF-8"?>
<!-- Generated by org.testng.reporters.JUnitXMLReporter -->
<testsuite ignored="0" hostname="AUBRTGS" failures="0" tests="2" name="Default test" time="26.804" errors="0" timestamp="2021-06-06T00:40:16 AFT">
  <testcase classname="com.mindlabssolutions.mirtgs.aub.tests.ASYCUDASIGTASOfllineestSuite" name="testASYCUDAOffline" time="14.642"/>
  <testcase classname="com.mindlabssolutions.mirtgs.aub.tests.ASYCUDASIGTASOfllineestSuite" name="testSIGTASOffline" time="11.903"/>
</testsuite> <!-- Default test -->
