<?xml version="1.0" encoding="UTF-8"?>
<testng-results ignored="0" total="2" passed="2" failed="0" skipped="0">
  <reporter-output>
  </reporter-output>
  <suite started-at="2021-06-06T00:39:49 AFT" name="Default suite" finished-at="2021-06-06T00:40:16 AFT" duration-ms="26804">
    <groups>
    </groups>
    <test started-at="2021-06-06T00:39:49 AFT" name="Default test" finished-at="2021-06-06T00:40:16 AFT" duration-ms="26804">
      <class name="com.mindlabssolutions.mirtgs.aub.tests.ASYCUDASIGTASOfllineestSuite">
        <test-method signature="testASYCUDAOffline()[pri:0, instance:com.mindlabssolutions.mirtgs.aub.tests.ASYCUDASIGTASOfllineestSuite@4816278d]" started-at="2021-06-06T00:39:49 AFT" name="testASYCUDAOffline" finished-at="2021-06-06T00:40:04 AFT" duration-ms="14642" status="PASS">
          <reporter-output>
          </reporter-output>
        </test-method> <!-- testASYCUDAOffline -->
        <test-method signature="testSIGTASOffline()[pri:0, instance:com.mindlabssolutions.mirtgs.aub.tests.ASYCUDASIGTASOfllineestSuite@4816278d]" started-at="2021-06-06T00:40:04 AFT" name="testSIGTASOffline" finished-at="2021-06-06T00:40:16 AFT" duration-ms="11903" status="PASS">
          <reporter-output>
          </reporter-output>
        </test-method> <!-- testSIGTASOffline -->
      </class> <!-- com.mindlabssolutions.mirtgs.aub.tests.ASYCUDASIGTASOfllineestSuite -->
    </test> <!-- Default test -->
  </suite> <!-- Default suite -->
</testng-results>
